2025-02-24 15:11:02,652 INFO:
==================================================
Running extract_GUI_2.py
==================================================
2025-02-24 15:12:42,080 INFO:
==================================================
Running extract_GUI_2.py
==================================================
2025-02-24 15:13:42,700 INFO:
==================================================
Running extract_GUI_2.py
==================================================
2025-02-24 15:13:44,764 INFO:select_test is set to Option 1
2025-02-24 15:14:04,291 INFO:select_test is set to Default
2025-02-24 15:14:33,303 INFO:
==================================================
Running extract_GUI_2.py
==================================================
2025-02-24 15:15:20,605 INFO:
==================================================
Running extract_GUI_2.py
==================================================
2025-02-24 15:17:46,941 INFO:
==================================================
Running extract_GUI_2.py
==================================================
2025-02-24 15:17:48,558 INFO:select_test is set to Default
2025-02-24 15:18:11,069 INFO:select_test is set to Default
2025-02-24 15:18:29,399 INFO:select_test is set to Default
2025-02-24 15:19:27,490 INFO:select_test is set to Default
2025-02-24 15:19:31,094 INFO:select_test is set to Default
2025-02-24 15:19:45,330 INFO:select_test is set to Default
2025-02-24 15:19:55,008 INFO:select_test is set to Default
2025-02-24 15:20:05,674 INFO:select_test is set to Default
2025-02-24 15:21:20,451 INFO:select_test is set to Default
2025-02-24 15:22:15,494 INFO:select_test is set to Default
2025-02-24 15:23:36,561 INFO:
==================================================
Running extract_GUI_2.py
==================================================
2025-02-24 15:23:38,683 INFO:select_test is set to Default
2025-02-24 15:24:11,107 INFO:select_test is set to Default
2025-02-24 15:25:13,342 INFO:select_test is set to Default
2025-02-24 15:27:54,600 INFO:select_test is set to Default
2025-02-24 15:28:12,760 INFO:select_test is set to Default
2025-02-24 15:28:34,976 INFO:select_test is set to GSK ELLA
2025-02-24 15:28:44,867 INFO:select_test is set to GSK ELLA
2025-02-24 15:29:51,647 INFO:select_test is set to Default
2025-02-24 15:29:57,497 INFO:select_test is set to Default
2025-02-24 15:30:03,446 INFO:select_test is set to Default
2025-02-24 15:30:08,193 INFO:select_test is set to Default
2025-02-24 15:30:48,676 INFO:select_test is set to Default
2025-02-24 15:31:01,668 INFO:select_test is set to Default
2025-02-24 15:31:08,437 INFO:select_test is set to Default
2025-02-24 15:31:12,449 INFO:select_test is set to Default
2025-02-24 15:31:50,209 INFO:select_test is set to Default
2025-02-24 15:31:55,189 INFO:select_test is set to Default
2025-02-24 15:32:23,580 INFO:select_test is set to Default
2025-02-24 15:32:28,172 INFO:select_test is set to Default
2025-02-24 15:32:32,061 INFO:select_test is set to Default
2025-02-24 15:32:55,952 INFO:select_test is set to Default
2025-02-24 15:33:03,566 INFO:select_test is set to Default
2025-02-24 15:33:07,656 INFO:select_test is set to Default
2025-02-24 15:33:18,610 INFO:select_test is set to Default
2025-02-24 15:34:17,779 INFO:select_test is set to Default
2025-02-24 15:34:23,092 INFO:select_test is set to Default
2025-02-24 15:34:29,006 INFO:select_test is set to Default
2025-02-24 15:34:34,382 INFO:select_test is set to Default
2025-02-24 15:35:36,633 INFO:select_test is set to Default
2025-02-24 15:36:09,769 INFO:select_test is set to Default
2025-02-24 15:36:14,962 INFO:select_test is set to Default
2025-02-24 15:36:20,972 INFO:select_test is set to Default
2025-02-24 15:36:28,637 INFO:
==================================================
Running extract_GUI_2.py
==================================================
2025-02-24 15:36:31,779 INFO:select_test is set to Default
2025-02-24 15:36:36,949 INFO:select_test is set to Default
2025-02-24 15:36:46,388 INFO:select_test is set to Default
2025-02-24 15:38:04,489 INFO:select_test is set to Default
2025-02-24 15:38:32,424 INFO:select_test is set to Default
2025-02-24 15:39:14,255 INFO:select_test is set to Default
2025-02-24 15:39:19,407 INFO:select_test is set to Default
2025-02-24 15:39:23,588 INFO:select_test is set to Default
2025-02-24 15:39:51,333 INFO:select_test is set to Default
2025-02-24 15:40:15,392 INFO:
==================================================
Running extract_GUI_2.py
==================================================
2025-02-24 15:40:17,181 INFO:select_test is set to Default
2025-02-24 15:40:27,593 INFO:select_test is set to Default
2025-02-24 15:40:32,109 INFO:select_test is set to Default
2025-02-24 15:40:36,759 INFO:select_test is set to Default
2025-02-24 15:40:55,639 INFO:select_test is set to Default
2025-02-24 15:40:59,512 INFO:select_test is set to Default
2025-02-24 15:41:13,473 INFO:select_test is set to Default
2025-02-24 15:41:24,288 INFO:
==================================================
Running extract_GUI_2.py
==================================================
2025-02-24 15:41:27,365 INFO:select_test is set to Default
2025-02-24 15:41:33,858 INFO:select_test is set to Default
2025-02-24 15:41:37,631 INFO:select_test is set to Default
2025-02-24 15:42:05,134 INFO:select_test is set to Default
2025-02-24 15:42:55,898 INFO:
==================================================
Running extract_GUI_2.py
==================================================
2025-02-24 15:42:57,571 INFO:select_test is set to Default
2025-02-24 15:44:06,758 INFO:select_test is set to Default
2025-02-24 15:47:32,920 INFO:select_test is set to Default
2025-02-24 15:48:56,251 INFO:select_test is set to Default
2025-02-24 15:49:43,360 INFO:select_test is set to GSK ELLA
2025-02-24 15:52:41,819 INFO:select_test is set to Default
2025-02-24 15:52:56,689 INFO:select_test is set to VzV
2025-02-24 15:53:03,342 INFO:select_test is set to Default
2025-02-24 15:55:00,008 INFO:select_test is set to Default
2025-02-24 15:55:06,794 INFO:select_test is set to VzV
2025-02-24 15:55:16,766 INFO:select_test is set to Default
2025-02-24 15:55:35,689 INFO:select_test is set to VzV
2025-02-24 15:55:54,309 INFO:select_test is set to Default
2025-02-24 15:57:22,540 INFO:select_test is set to Default
2025-02-24 15:57:33,156 INFO:select_test is set to Default
2025-02-24 15:58:38,744 INFO:select_test is set to Default
2025-02-24 15:59:44,376 INFO:select_test is set to Default
2025-02-24 16:00:25,433 INFO:select_test is set to Default
2025-02-24 16:01:06,292 INFO:select_test is set to Default
2025-02-24 16:02:17,329 INFO:select_test is set to Default
2025-02-24 16:02:23,936 INFO:select_test is set to Default
2025-02-24 16:02:49,530 INFO:select_test is set to Default
2025-02-24 16:02:58,609 INFO:select_test is set to Default
2025-02-24 16:03:08,016 INFO:select_test is set to Default
2025-02-24 16:03:29,678 INFO:select_test is set to Default
2025-02-24 16:03:35,607 INFO:select_test is set to Default
2025-02-24 16:03:39,255 INFO:select_test is set to Default
2025-02-24 16:04:21,805 INFO:select_test is set to Default
2025-02-24 16:04:26,147 INFO:select_test is set to Default
2025-02-24 16:04:54,893 INFO:select_test is set to Default
2025-02-24 16:05:36,695 INFO:select_test is set to Default
2025-02-24 16:05:42,024 INFO:select_test is set to VzV
2025-02-24 16:07:32,919 INFO:select_test is set to VzV
2025-02-24 16:07:46,004 INFO:select_test is set to VzV
2025-02-24 16:07:55,013 INFO:select_test is set to VzV
2025-02-24 16:07:59,091 INFO:select_test is set to Default
2025-02-24 16:08:32,300 INFO:select_test is set to VzV
2025-02-24 16:10:14,386 INFO:select_test is set to VzV
2025-02-24 16:10:33,900 INFO:select_test is set to VzV
2025-02-24 16:11:37,925 INFO:select_test is set to VzV
2025-02-24 16:11:54,066 INFO:select_test is set to VzV
2025-02-24 16:12:05,072 INFO:select_test is set to VzV
2025-02-24 16:12:17,722 INFO:select_test is set to Default
2025-02-24 16:12:31,381 INFO:select_test is set to Default
2025-02-24 16:17:20,608 INFO:select_test is set to GSK ELLA
2025-02-24 16:17:41,528 INFO:select_test is set to GSK ELLA
2025-02-24 16:18:15,617 INFO:select_test is set to GSK ELLA
2025-02-24 16:18:19,063 INFO:select_test is set to GSK ELLA
2025-02-24 16:19:13,271 INFO:select_test is set to GSK ELLA
2025-02-24 16:19:34,251 INFO:select_test is set to GSK ELLA
2025-02-24 16:19:59,848 INFO:select_test is set to GSK ELLA
2025-02-24 16:20:17,887 INFO:select_test is set to GSK ELLA
2025-02-24 16:20:44,239 INFO:select_test is set to GSK ELLA
2025-02-24 16:22:58,921 INFO:
==================================================
Running extract_GUI_2.py
==================================================
2025-02-24 16:25:03,777 INFO:
==================================================
Running extract_GUI_2.py
==================================================
2025-02-24 16:25:12,615 INFO:
==================================================
Running extract_GUI_2.py
==================================================
2025-02-24 16:25:19,201 INFO:select_test is set to Default
2025-02-24 16:28:26,014 INFO:
==================================================
Running extract_GUI_2.py
==================================================
2025-02-24 16:28:32,316 INFO:select_test is set to Default
2025-02-24 16:29:44,490 INFO:
==================================================
Running extract_GUI_2.py
==================================================
2025-02-24 16:29:46,416 INFO:select_test is set to Default
2025-02-24 16:31:19,914 INFO:
==================================================
Running extract_GUI_2.py
==================================================
2025-02-24 16:31:21,677 INFO:select_test is set to Default
2025-02-24 16:31:36,121 INFO:
==================================================
Running extract_GUI_2.py
==================================================
2025-02-24 16:31:38,317 INFO:select_test is set to Default
2025-02-24 16:36:05,242 INFO:
==================================================
Running run_excel_extract_tool.py
==================================================
2025-02-24 16:36:06,243 INFO:Starting Excel Extract Tool...
2025-02-24 16:36:06,618 INFO:
==================================================
Running extract_GUI_2.1.1.py
==================================================
2025-02-24 16:36:09,794 INFO:select_test is set to Default
2025-02-24 16:36:18,103 INFO:Excel Extract Tool finished successfully.
2025-02-24 16:37:11,684 INFO:
==================================================
Running extract_GUI_2.1.1.py
==================================================
2025-02-24 16:37:15,052 INFO:select_test is set to Default
2025-02-24 16:37:25,152 INFO:select_test is set to Default
2025-02-24 16:40:49,232 INFO:select_test is set to Default
2025-02-24 16:41:43,378 INFO:select_test is set to Default
2025-03-03 09:33:19,763 INFO:
==================================================
Running extract_GUI_2.1.1.py
==================================================
2025-03-03 09:33:27,206 INFO:select_test is set to Default
2025-03-13 09:38:51,481 INFO:
==================================================
Running extract_GUI_2.1.1.py
==================================================
2025-03-13 09:38:56,878 INFO:select_test is set to Default
2025-03-13 09:48:20,607 INFO:select_test is set to Default
2025-03-13 09:48:53,835 INFO:
==================================================
Running extract_GUI_2.1.1.py
==================================================
2025-03-13 09:48:55,901 INFO:select_test is set to Default
2025-03-13 09:49:54,972 INFO:select_test is set to Default
